2013/02/13 12:41:33 [error] [exception.CHttpException.404] exception 'CHttpException' with message 'Unable to resolve the request "favicon.ico".' in Z:\home\okna.local\www\framework\web\CWebApplication.php:286
Stack trace:
#0 Z:\home\okna.local\www\framework\web\CWebApplication.php(141): CWebApplication->runController('favicon.ico')
#1 Z:\home\okna.local\www\framework\base\CApplication.php(169): CWebApplication->processRequest()
#2 Z:\home\okna.local\www\index.php(12): CApplication->run()
#3 {main}
REQUEST_URI=/favicon.ico
---
2013/02/13 12:42:00 [warning] [application] Failed to set unsafe attribute "delpic" of "Reviews".
in Z:\home\okna.local\www\protected\modules\altadmin\controllers\ReviewsController.php (54)
in Z:\home\okna.local\www\index.php (12)
2013/02/13 12:42:00 [warning] [application] Failed to set unsafe attribute "delpic_big" of "Reviews".
in Z:\home\okna.local\www\protected\modules\altadmin\controllers\ReviewsController.php (54)
in Z:\home\okna.local\www\index.php (12)
2013/02/13 12:42:01 [error] [exception.CHttpException.404] exception 'CHttpException' with message 'Unable to resolve the request "favicon.ico".' in Z:\home\okna.local\www\framework\web\CWebApplication.php:286
Stack trace:
#0 Z:\home\okna.local\www\framework\web\CWebApplication.php(141): CWebApplication->runController('favicon.ico')
#1 Z:\home\okna.local\www\framework\base\CApplication.php(169): CWebApplication->processRequest()
#2 Z:\home\okna.local\www\index.php(12): CApplication->run()
#3 {main}
REQUEST_URI=/favicon.ico
---
2013/02/13 12:42:01 [error] [exception.CHttpException.404] exception 'CHttpException' with message 'Unable to resolve the request "favicon.ico".' in Z:\home\okna.local\www\framework\web\CWebApplication.php:286
Stack trace:
#0 Z:\home\okna.local\www\framework\web\CWebApplication.php(141): CWebApplication->runController('favicon.ico')
#1 Z:\home\okna.local\www\framework\base\CApplication.php(169): CWebApplication->processRequest()
#2 Z:\home\okna.local\www\index.php(12): CApplication->run()
#3 {main}
REQUEST_URI=/favicon.ico
---
2013/02/13 12:42:01 [error] [exception.CHttpException.404] exception 'CHttpException' with message 'Unable to resolve the request "favicon.ico".' in Z:\home\okna.local\www\framework\web\CWebApplication.php:286
Stack trace:
#0 Z:\home\okna.local\www\framework\web\CWebApplication.php(141): CWebApplication->runController('favicon.ico')
#1 Z:\home\okna.local\www\framework\base\CApplication.php(169): CWebApplication->processRequest()
#2 Z:\home\okna.local\www\index.php(12): CApplication->run()
#3 {main}
REQUEST_URI=/favicon.ico
---
2013/02/13 12:43:30 [warning] [application] Failed to set unsafe attribute "delpic" of "Reviews".
in Z:\home\okna.local\www\protected\modules\altadmin\controllers\ReviewsController.php (54)
in Z:\home\okna.local\www\index.php (12)
2013/02/13 12:43:30 [warning] [application] Failed to set unsafe attribute "delpic_big" of "Reviews".
in Z:\home\okna.local\www\protected\modules\altadmin\controllers\ReviewsController.php (54)
in Z:\home\okna.local\www\index.php (12)
2013/02/13 12:43:31 [error] [exception.CHttpException.404] exception 'CHttpException' with message 'Unable to resolve the request "favicon.ico".' in Z:\home\okna.local\www\framework\web\CWebApplication.php:286
Stack trace:
#0 Z:\home\okna.local\www\framework\web\CWebApplication.php(141): CWebApplication->runController('favicon.ico')
#1 Z:\home\okna.local\www\framework\base\CApplication.php(169): CWebApplication->processRequest()
#2 Z:\home\okna.local\www\index.php(12): CApplication->run()
#3 {main}
REQUEST_URI=/favicon.ico
---
2013/02/13 12:43:31 [error] [exception.CHttpException.404] exception 'CHttpException' with message 'Unable to resolve the request "favicon.ico".' in Z:\home\okna.local\www\framework\web\CWebApplication.php:286
Stack trace:
#0 Z:\home\okna.local\www\framework\web\CWebApplication.php(141): CWebApplication->runController('favicon.ico')
#1 Z:\home\okna.local\www\framework\base\CApplication.php(169): CWebApplication->processRequest()
#2 Z:\home\okna.local\www\index.php(12): CApplication->run()
#3 {main}
REQUEST_URI=/favicon.ico
---
2013/02/13 12:43:31 [error] [exception.CHttpException.404] exception 'CHttpException' with message 'Unable to resolve the request "favicon.ico".' in Z:\home\okna.local\www\framework\web\CWebApplication.php:286
Stack trace:
#0 Z:\home\okna.local\www\framework\web\CWebApplication.php(141): CWebApplication->runController('favicon.ico')
#1 Z:\home\okna.local\www\framework\base\CApplication.php(169): CWebApplication->processRequest()
#2 Z:\home\okna.local\www\index.php(12): CApplication->run()
#3 {main}
REQUEST_URI=/favicon.ico
---
2013/02/13 12:45:16 [error] [exception.CHttpException.404] exception 'CHttpException' with message 'Unable to resolve the request "favicon.ico".' in Z:\home\okna.local\www\framework\web\CWebApplication.php:286
Stack trace:
#0 Z:\home\okna.local\www\framework\web\CWebApplication.php(141): CWebApplication->runController('favicon.ico')
#1 Z:\home\okna.local\www\framework\base\CApplication.php(169): CWebApplication->processRequest()
#2 Z:\home\okna.local\www\index.php(12): CApplication->run()
#3 {main}
REQUEST_URI=/favicon.ico
---
2013/02/13 12:45:16 [error] [exception.CHttpException.404] exception 'CHttpException' with message 'Unable to resolve the request "favicon.ico".' in Z:\home\okna.local\www\framework\web\CWebApplication.php:286
Stack trace:
#0 Z:\home\okna.local\www\framework\web\CWebApplication.php(141): CWebApplication->runController('favicon.ico')
#1 Z:\home\okna.local\www\framework\base\CApplication.php(169): CWebApplication->processRequest()
#2 Z:\home\okna.local\www\index.php(12): CApplication->run()
#3 {main}
REQUEST_URI=/favicon.ico
---
2013/02/13 12:45:16 [error] [exception.CHttpException.404] exception 'CHttpException' with message 'Unable to resolve the request "favicon.ico".' in Z:\home\okna.local\www\framework\web\CWebApplication.php:286
Stack trace:
#0 Z:\home\okna.local\www\framework\web\CWebApplication.php(141): CWebApplication->runController('favicon.ico')
#1 Z:\home\okna.local\www\framework\base\CApplication.php(169): CWebApplication->processRequest()
#2 Z:\home\okna.local\www\index.php(12): CApplication->run()
#3 {main}
REQUEST_URI=/favicon.ico
---
2013/02/13 12:45:19 [warning] [application] Failed to set unsafe attribute "delpic" of "Reviews".
in Z:\home\okna.local\www\protected\modules\altadmin\controllers\ReviewsController.php (54)
in Z:\home\okna.local\www\index.php (12)
2013/02/13 12:45:19 [warning] [application] Failed to set unsafe attribute "delpic_big" of "Reviews".
in Z:\home\okna.local\www\protected\modules\altadmin\controllers\ReviewsController.php (54)
in Z:\home\okna.local\www\index.php (12)
2013/02/13 12:45:19 [error] [exception.CHttpException.404] exception 'CHttpException' with message 'Unable to resolve the request "favicon.ico".' in Z:\home\okna.local\www\framework\web\CWebApplication.php:286
Stack trace:
#0 Z:\home\okna.local\www\framework\web\CWebApplication.php(141): CWebApplication->runController('favicon.ico')
#1 Z:\home\okna.local\www\framework\base\CApplication.php(169): CWebApplication->processRequest()
#2 Z:\home\okna.local\www\index.php(12): CApplication->run()
#3 {main}
REQUEST_URI=/favicon.ico
---
2013/02/13 12:45:19 [error] [exception.CHttpException.404] exception 'CHttpException' with message 'Unable to resolve the request "favicon.ico".' in Z:\home\okna.local\www\framework\web\CWebApplication.php:286
Stack trace:
#0 Z:\home\okna.local\www\framework\web\CWebApplication.php(141): CWebApplication->runController('favicon.ico')
#1 Z:\home\okna.local\www\framework\base\CApplication.php(169): CWebApplication->processRequest()
#2 Z:\home\okna.local\www\index.php(12): CApplication->run()
#3 {main}
REQUEST_URI=/favicon.ico
---
2013/02/13 12:45:20 [error] [exception.CHttpException.404] exception 'CHttpException' with message 'Unable to resolve the request "favicon.ico".' in Z:\home\okna.local\www\framework\web\CWebApplication.php:286
Stack trace:
#0 Z:\home\okna.local\www\framework\web\CWebApplication.php(141): CWebApplication->runController('favicon.ico')
#1 Z:\home\okna.local\www\framework\base\CApplication.php(169): CWebApplication->processRequest()
#2 Z:\home\okna.local\www\index.php(12): CApplication->run()
#3 {main}
REQUEST_URI=/favicon.ico
---
2013/02/13 12:45:23 [error] [exception.CHttpException.404] exception 'CHttpException' with message 'Unable to resolve the request "favicon.ico".' in Z:\home\okna.local\www\framework\web\CWebApplication.php:286
Stack trace:
#0 Z:\home\okna.local\www\framework\web\CWebApplication.php(141): CWebApplication->runController('favicon.ico')
#1 Z:\home\okna.local\www\framework\base\CApplication.php(169): CWebApplication->processRequest()
#2 Z:\home\okna.local\www\index.php(12): CApplication->run()
#3 {main}
REQUEST_URI=/favicon.ico
---
2013/02/13 12:45:23 [error] [exception.CHttpException.404] exception 'CHttpException' with message 'Unable to resolve the request "favicon.ico".' in Z:\home\okna.local\www\framework\web\CWebApplication.php:286
Stack trace:
#0 Z:\home\okna.local\www\framework\web\CWebApplication.php(141): CWebApplication->runController('favicon.ico')
#1 Z:\home\okna.local\www\framework\base\CApplication.php(169): CWebApplication->processRequest()
#2 Z:\home\okna.local\www\index.php(12): CApplication->run()
#3 {main}
REQUEST_URI=/favicon.ico
---
2013/02/13 12:45:23 [error] [exception.CHttpException.404] exception 'CHttpException' with message 'Unable to resolve the request "favicon.ico".' in Z:\home\okna.local\www\framework\web\CWebApplication.php:286
Stack trace:
#0 Z:\home\okna.local\www\framework\web\CWebApplication.php(141): CWebApplication->runController('favicon.ico')
#1 Z:\home\okna.local\www\framework\base\CApplication.php(169): CWebApplication->processRequest()
#2 Z:\home\okna.local\www\index.php(12): CApplication->run()
#3 {main}
REQUEST_URI=/favicon.ico
---
2013/02/13 12:46:05 [error] [exception.CHttpException.404] exception 'CHttpException' with message 'Unable to resolve the request "favicon.ico".' in Z:\home\okna.local\www\framework\web\CWebApplication.php:286
Stack trace:
#0 Z:\home\okna.local\www\framework\web\CWebApplication.php(141): CWebApplication->runController('favicon.ico')
#1 Z:\home\okna.local\www\framework\base\CApplication.php(169): CWebApplication->processRequest()
#2 Z:\home\okna.local\www\index.php(12): CApplication->run()
#3 {main}
REQUEST_URI=/favicon.ico
---
2013/02/13 12:46:06 [error] [exception.CHttpException.404] exception 'CHttpException' with message 'Unable to resolve the request "favicon.ico".' in Z:\home\okna.local\www\framework\web\CWebApplication.php:286
Stack trace:
#0 Z:\home\okna.local\www\framework\web\CWebApplication.php(141): CWebApplication->runController('favicon.ico')
#1 Z:\home\okna.local\www\framework\base\CApplication.php(169): CWebApplication->processRequest()
#2 Z:\home\okna.local\www\index.php(12): CApplication->run()
#3 {main}
REQUEST_URI=/favicon.ico
---
2013/02/13 12:46:06 [error] [exception.CHttpException.404] exception 'CHttpException' with message 'Unable to resolve the request "favicon.ico".' in Z:\home\okna.local\www\framework\web\CWebApplication.php:286
Stack trace:
#0 Z:\home\okna.local\www\framework\web\CWebApplication.php(141): CWebApplication->runController('favicon.ico')
#1 Z:\home\okna.local\www\framework\base\CApplication.php(169): CWebApplication->processRequest()
#2 Z:\home\okna.local\www\index.php(12): CApplication->run()
#3 {main}
REQUEST_URI=/favicon.ico
---
2013/02/13 12:46:08 [warning] [application] Failed to set unsafe attribute "delpic" of "Reviews".
in Z:\home\okna.local\www\protected\modules\altadmin\controllers\ReviewsController.php (54)
in Z:\home\okna.local\www\index.php (12)
2013/02/13 12:46:08 [warning] [application] Failed to set unsafe attribute "delpic_big" of "Reviews".
in Z:\home\okna.local\www\protected\modules\altadmin\controllers\ReviewsController.php (54)
in Z:\home\okna.local\www\index.php (12)
2013/02/13 12:46:09 [error] [exception.CHttpException.404] exception 'CHttpException' with message 'Unable to resolve the request "favicon.ico".' in Z:\home\okna.local\www\framework\web\CWebApplication.php:286
Stack trace:
#0 Z:\home\okna.local\www\framework\web\CWebApplication.php(141): CWebApplication->runController('favicon.ico')
#1 Z:\home\okna.local\www\framework\base\CApplication.php(169): CWebApplication->processRequest()
#2 Z:\home\okna.local\www\index.php(12): CApplication->run()
#3 {main}
REQUEST_URI=/favicon.ico
---
2013/02/13 12:46:09 [error] [exception.CHttpException.404] exception 'CHttpException' with message 'Unable to resolve the request "favicon.ico".' in Z:\home\okna.local\www\framework\web\CWebApplication.php:286
Stack trace:
#0 Z:\home\okna.local\www\framework\web\CWebApplication.php(141): CWebApplication->runController('favicon.ico')
#1 Z:\home\okna.local\www\framework\base\CApplication.php(169): CWebApplication->processRequest()
#2 Z:\home\okna.local\www\index.php(12): CApplication->run()
#3 {main}
REQUEST_URI=/favicon.ico
---
2013/02/13 12:46:09 [error] [exception.CHttpException.404] exception 'CHttpException' with message 'Unable to resolve the request "favicon.ico".' in Z:\home\okna.local\www\framework\web\CWebApplication.php:286
Stack trace:
#0 Z:\home\okna.local\www\framework\web\CWebApplication.php(141): CWebApplication->runController('favicon.ico')
#1 Z:\home\okna.local\www\framework\base\CApplication.php(169): CWebApplication->processRequest()
#2 Z:\home\okna.local\www\index.php(12): CApplication->run()
#3 {main}
REQUEST_URI=/favicon.ico
---
2013/02/13 13:00:24 [error] [exception.CHttpException.404] exception 'CHttpException' with message 'Unable to resolve the request "favicon.ico".' in Z:\home\okna.local\www\framework\web\CWebApplication.php:286
Stack trace:
#0 Z:\home\okna.local\www\framework\web\CWebApplication.php(141): CWebApplication->runController('favicon.ico')
#1 Z:\home\okna.local\www\framework\base\CApplication.php(169): CWebApplication->processRequest()
#2 Z:\home\okna.local\www\index.php(12): CApplication->run()
#3 {main}
REQUEST_URI=/favicon.ico
---
2013/02/13 13:01:50 [error] [exception.CHttpException.404] exception 'CHttpException' with message 'Unable to resolve the request "favicon.ico".' in Z:\home\okna.local\www\framework\web\CWebApplication.php:286
Stack trace:
#0 Z:\home\okna.local\www\framework\web\CWebApplication.php(141): CWebApplication->runController('favicon.ico')
#1 Z:\home\okna.local\www\framework\base\CApplication.php(169): CWebApplication->processRequest()
#2 Z:\home\okna.local\www\index.php(12): CApplication->run()
#3 {main}
REQUEST_URI=/favicon.ico
---
